<?xml version="1.0" encoding="UTF-8"?>
<robot generator="Robot 7.0 (Python 3.12.2 on win32)" generated="2024-05-03T09:58:30.305247" rpa="false" schemaversion="5">
<suite id="s1" name="Tests" source="C:\Users\WIN10\Desktop\robot\Academy-Qacoders\Api_serverest_robot\tests">
<suite id="s1-s1" name="Delete Serverest Test" source="C:\Users\WIN10\Desktop\robot\Academy-Qacoders\Api_serverest_robot\tests\delete_serverest_test.robot">
<test id="s1-s1-t1" name="Cenário com DELETE: Excluir usuário já existente" line="7">
<kw name="Criar um novo usuário" owner="serverest_testes_recursos">
<kw name="Generate Random String" owner="String">
<msg time="2024-05-03T09:58:30.738979" level="INFO">${palavra_randomica} = dUNepJSi</msg>
<var>${palavra_randomica}</var>
<arg>length=8</arg>
<arg>chars=[LETTERS]</arg>
<doc>Generates a string with a desired ``length`` from the given ``chars``.</doc>
<status status="PASS" start="2024-05-03T09:58:30.737980" elapsed="0.000999"/>
</kw>
<kw name="Convert To Lower Case" owner="String">
<msg time="2024-05-03T09:58:30.739978" level="INFO">${palavra_randomica} = dunepjsi</msg>
<var>${palavra_randomica}</var>
<arg>${palavra randomica}</arg>
<doc>Converts string to lower case.</doc>
<status status="PASS" start="2024-05-03T09:58:30.738979" elapsed="0.000999"/>
</kw>
<kw name="Set Test Variable" owner="BuiltIn">
<msg time="2024-05-03T09:58:30.740978" level="INFO">${EMAIL_TEST} = dunepjsi@qacoders.com.br</msg>
<arg>${EMAIL_TEST}</arg>
<arg>${palavra randomica}@qacoders.com.br</arg>
<doc>Makes a variable available everywhere within the scope of the current test.</doc>
<status status="PASS" start="2024-05-03T09:58:30.739978" elapsed="0.001000"/>
</kw>
<kw name="Log" owner="BuiltIn">
<msg time="2024-05-03T09:58:30.740978" level="INFO">dunepjsi@qacoders.com.br</msg>
<arg>${EMAIL_TEST}</arg>
<doc>Logs the given message with the given level.</doc>
<status status="PASS" start="2024-05-03T09:58:30.740978" elapsed="0.000000"/>
</kw>
<status status="PASS" start="2024-05-03T09:58:30.736984" elapsed="0.003994"/>
</kw>
<kw name="Cadastrar o novo usuário criado" owner="serverest_testes_recursos">
<kw name="Create Dictionary" owner="BuiltIn">
<msg time="2024-05-03T09:58:30.742980" level="INFO">${body} = {'nome': 'Fulano da Silva', 'email': 'dunepjsi@qacoders.com.br', 'password': 'teste', 'administrador': 'true'}</msg>
<var>${body}</var>
<arg>nome=Fulano da Silva</arg>
<arg>email=${EMAIL_TEST}</arg>
<arg>password=teste</arg>
<arg>administrador=true</arg>
<doc>Creates and returns a dictionary based on the given ``items``.</doc>
<status status="PASS" start="2024-05-03T09:58:30.741981" elapsed="0.000999"/>
</kw>
<kw name="Log" owner="BuiltIn">
<msg time="2024-05-03T09:58:30.742980" level="INFO">{'nome': 'Fulano da Silva', 'email': 'dunepjsi@qacoders.com.br', 'password': 'teste', 'administrador': 'true'}</msg>
<arg>${body}</arg>
<doc>Logs the given message with the given level.</doc>
<status status="PASS" start="2024-05-03T09:58:30.742980" elapsed="0.000000"/>
</kw>
<kw name="Criar sessão" owner="serverest_testes_recursos">
<kw name="Create Dictionary" owner="BuiltIn">
<msg time="2024-05-03T09:58:30.743975" level="INFO">${headers} = {'accept': 'application/json', 'Content-Type': 'application/json'}</msg>
<var>${headers}</var>
<arg>accept=application/json</arg>
<arg>Content-Type=application/json</arg>
<doc>Creates and returns a dictionary based on the given ``items``.</doc>
<status status="PASS" start="2024-05-03T09:58:30.743975" elapsed="0.000000"/>
</kw>
<kw name="Create Session" owner="RequestsLibrary">
<msg time="2024-05-03T09:58:30.744978" level="INFO">Creating Session using : alias=APIServerRest, url=https://serverest.dev, headers={'accept': 'application/json', 'Content-Type': 'application/json'},                     cookies={}, auth=None, timeout=None, proxies=None, verify=False,                     debug=0 </msg>
<arg>alias=APIServerRest</arg>
<arg>url=https://serverest.dev</arg>
<arg>headers=${headers}</arg>
<doc>Create Session: create a HTTP session to a server</doc>
<status status="PASS" start="2024-05-03T09:58:30.744978" elapsed="0.000000"/>
</kw>
<status status="PASS" start="2024-05-03T09:58:30.742980" elapsed="0.001998"/>
</kw>
<kw name="POST On Session" owner="RequestsLibrary">
<msg time="2024-05-03T09:58:31.646519" level="INFO">POST Request : url=https://serverest.dev/usuarios 
 path_url=/usuarios 
 headers={'User-Agent': 'python-requests/2.31.0', 'Accept-Encoding': 'gzip, deflate', 'accept': 'application/json', 'Connection': 'keep-alive', 'Content-Type': 'application/json', 'Content-Length': '110'} 
 body=b'{"nome": "Fulano da Silva", "email": "dunepjsi@qacoders.com.br", "password": "teste", "administrador": "true"}' 
 </msg>
<msg time="2024-05-03T09:58:31.646519" level="INFO">POST Response : url=https://serverest.dev/usuarios 
 status=201, reason=Created 
 headers={'access-control-allow-origin': '*', 'x-dns-prefetch-control': 'off', 'x-frame-options': 'SAMEORIGIN', 'strict-transport-security': 'max-age=15552000; includeSubDomains', 'x-download-options': 'noopen', 'x-content-type-options': 'nosniff', 'x-xss-protection': '1; mode=block', 'content-type': 'application/json; charset=utf-8', 'X-Cloud-Trace-Context': '561ac9a9acd567abe74c488704269d69;o=1', 'Date': 'Fri, 03 May 2024 12:58:31 GMT', 'Server': 'Google Frontend', 'Content-Length': '82'} 
 body={
    "message": "Cadastro realizado com sucesso",
    "_id": "4TsVJdVJzsgt8vzL"
} 
 </msg>
<msg time="2024-05-03T09:58:31.647518" level="INFO">C:\Users\WIN10\AppData\Local\Programs\Python\Python312\Lib\site-packages\urllib3\connectionpool.py:1103: InsecureRequestWarning: Unverified HTTPS request is being made to host 'serverest.dev'. Adding certificate verification is strongly advised. See: https://urllib3.readthedocs.io/en/latest/advanced-usage.html#tls-warnings
  warnings.warn(</msg>
<msg time="2024-05-03T09:58:31.647518" level="INFO">${resposta} = &lt;Response [201]&gt;</msg>
<var>${resposta}</var>
<arg>alias=APIServerRest</arg>
<arg>url=/usuarios</arg>
<arg>json=${body}</arg>
<doc>Sends a POST request on a previously created HTTP Session.</doc>
<status status="PASS" start="2024-05-03T09:58:30.744978" elapsed="0.902540"/>
</kw>
<kw name="Log" owner="BuiltIn">
<msg time="2024-05-03T09:58:31.648517" level="INFO">{'message': 'Cadastro realizado com sucesso', '_id': '4TsVJdVJzsgt8vzL'}</msg>
<arg>${resposta.json()}</arg>
<doc>Logs the given message with the given level.</doc>
<status status="PASS" start="2024-05-03T09:58:31.647518" elapsed="0.000999"/>
</kw>
<kw name="Set Test Variable" owner="BuiltIn">
<msg time="2024-05-03T09:58:31.650515" level="INFO">${ID_USUARIO} = 4TsVJdVJzsgt8vzL</msg>
<arg>${ID_USUARIO}</arg>
<arg>${resposta.json()["_id"]}</arg>
<doc>Makes a variable available everywhere within the scope of the current test.</doc>
<status status="PASS" start="2024-05-03T09:58:31.648517" elapsed="0.001998"/>
</kw>
<kw name="Set Test Variable" owner="BuiltIn">
<msg time="2024-05-03T09:58:31.651514" level="INFO">${RESPOSTA} = {'message': 'Cadastro realizado com sucesso', '_id': '4TsVJdVJzsgt8vzL'}</msg>
<arg>${RESPOSTA}</arg>
<arg>${resposta.json()}</arg>
<doc>Makes a variable available everywhere within the scope of the current test.</doc>
<status status="PASS" start="2024-05-03T09:58:31.650515" elapsed="0.000999"/>
</kw>
<status status="PASS" start="2024-05-03T09:58:30.741981" elapsed="0.909533"/>
</kw>
<kw name="Excluir usuário criado" owner="serverest_testes_recursos">
<kw name="DELETE On Session" owner="RequestsLibrary">
<msg time="2024-05-03T09:58:31.819411" level="INFO">DELETE Request : url=https://serverest.dev/usuarios/4TsVJdVJzsgt8vzL 
 path_url=/usuarios/4TsVJdVJzsgt8vzL 
 headers={'User-Agent': 'python-requests/2.31.0', 'Accept-Encoding': 'gzip, deflate', 'accept': 'application/json', 'Connection': 'keep-alive', 'Content-Type': 'application/json', 'Content-Length': '0'} 
 body=None 
 </msg>
<msg time="2024-05-03T09:58:31.819411" level="INFO">DELETE Response : url=https://serverest.dev/usuarios/4TsVJdVJzsgt8vzL 
 status=200, reason=OK 
 headers={'access-control-allow-origin': '*', 'x-dns-prefetch-control': 'off', 'x-frame-options': 'SAMEORIGIN', 'strict-transport-security': 'max-age=15552000; includeSubDomains', 'x-download-options': 'noopen', 'x-content-type-options': 'nosniff', 'x-xss-protection': '1; mode=block', 'content-type': 'application/json; charset=utf-8', 'X-Cloud-Trace-Context': 'c282856eefc2c553bb74117b83e50785', 'Date': 'Fri, 03 May 2024 12:58:31 GMT', 'Server': 'Google Frontend', 'Content-Length': '51'} 
 body={
    "message": "Registro excluído com sucesso"
} 
 </msg>
<msg time="2024-05-03T09:58:31.820411" level="INFO">C:\Users\WIN10\AppData\Local\Programs\Python\Python312\Lib\site-packages\urllib3\connectionpool.py:1103: InsecureRequestWarning: Unverified HTTPS request is being made to host 'serverest.dev'. Adding certificate verification is strongly advised. See: https://urllib3.readthedocs.io/en/latest/advanced-usage.html#tls-warnings
  warnings.warn(</msg>
<msg time="2024-05-03T09:58:31.829405" level="INFO">${excluir_usuario} = &lt;Response [200]&gt;</msg>
<var>${excluir_usuario}</var>
<arg>alias=APIServerRest</arg>
<arg>url=/usuarios/${ID_USUARIO}</arg>
<arg>expected_status=200</arg>
<doc>Sends a DELETE request on a previously created HTTP Session.</doc>
<status status="PASS" start="2024-05-03T09:58:31.652513" elapsed="0.177895"/>
</kw>
<kw name="Set Test Variable" owner="BuiltIn">
<msg time="2024-05-03T09:58:31.831403" level="INFO">${RESPOSTA_CONSULTA_APOS_EXCLUSAO} = {'message': 'Registro excluído com sucesso'}</msg>
<arg>${RESPOSTA_CONSULTA_APOS_EXCLUSAO}</arg>
<arg>${excluir_usuario.json()}</arg>
<doc>Makes a variable available everywhere within the scope of the current test.</doc>
<status status="PASS" start="2024-05-03T09:58:31.830408" elapsed="0.000995"/>
</kw>
<status status="PASS" start="2024-05-03T09:58:31.651514" elapsed="0.179889"/>
</kw>
<kw name=" Conferir se o usuário foi excluído corretamente" owner="serverest_testes_recursos">
<kw name="Log" owner="BuiltIn">
<msg time="2024-05-03T09:58:31.832403" level="INFO">{'message': 'Registro excluído com sucesso'}</msg>
<arg>${RESPOSTA_CONSULTA_APOS_EXCLUSAO}</arg>
<doc>Logs the given message with the given level.</doc>
<status status="PASS" start="2024-05-03T09:58:31.832403" elapsed="0.000999"/>
</kw>
<status status="PASS" start="2024-05-03T09:58:31.832403" elapsed="0.000999"/>
</kw>
<status status="PASS" start="2024-05-03T09:58:30.735982" elapsed="1.097420"/>
</test>
<status status="PASS" start="2024-05-03T09:58:30.350220" elapsed="1.485181"/>
</suite>
<suite id="s1-s2" name="Get Serverest Test" source="C:\Users\WIN10\Desktop\robot\Academy-Qacoders\Api_serverest_robot\tests\get_serverest_test.robot">
<test id="s1-s2-t1" name="Cenário com GET: Consultar os dados de um novo usuário" line="7">
<kw name="Criar um novo usuário" owner="serverest_testes_recursos">
<kw name="Generate Random String" owner="String">
<msg time="2024-05-03T09:58:31.850396" level="INFO">${palavra_randomica} = ryyTtEsr</msg>
<var>${palavra_randomica}</var>
<arg>length=8</arg>
<arg>chars=[LETTERS]</arg>
<doc>Generates a string with a desired ``length`` from the given ``chars``.</doc>
<status status="PASS" start="2024-05-03T09:58:31.849395" elapsed="0.001001"/>
</kw>
<kw name="Convert To Lower Case" owner="String">
<msg time="2024-05-03T09:58:31.850396" level="INFO">${palavra_randomica} = ryyttesr</msg>
<var>${palavra_randomica}</var>
<arg>${palavra randomica}</arg>
<doc>Converts string to lower case.</doc>
<status status="PASS" start="2024-05-03T09:58:31.850396" elapsed="0.000000"/>
</kw>
<kw name="Set Test Variable" owner="BuiltIn">
<msg time="2024-05-03T09:58:31.853391" level="INFO">${EMAIL_TEST} = ryyttesr@qacoders.com.br</msg>
<arg>${EMAIL_TEST}</arg>
<arg>${palavra randomica}@qacoders.com.br</arg>
<doc>Makes a variable available everywhere within the scope of the current test.</doc>
<status status="PASS" start="2024-05-03T09:58:31.851391" elapsed="0.002000"/>
</kw>
<kw name="Log" owner="BuiltIn">
<msg time="2024-05-03T09:58:31.854391" level="INFO">ryyttesr@qacoders.com.br</msg>
<arg>${EMAIL_TEST}</arg>
<doc>Logs the given message with the given level.</doc>
<status status="PASS" start="2024-05-03T09:58:31.854391" elapsed="0.000000"/>
</kw>
<status status="PASS" start="2024-05-03T09:58:31.848394" elapsed="0.005997"/>
</kw>
<kw name="Cadastrar o novo usuário criado" owner="serverest_testes_recursos">
<kw name="Create Dictionary" owner="BuiltIn">
<msg time="2024-05-03T09:58:31.859390" level="INFO">${body} = {'nome': 'Fulano da Silva', 'email': 'ryyttesr@qacoders.com.br', 'password': 'teste', 'administrador': 'true'}</msg>
<var>${body}</var>
<arg>nome=Fulano da Silva</arg>
<arg>email=${EMAIL_TEST}</arg>
<arg>password=teste</arg>
<arg>administrador=true</arg>
<doc>Creates and returns a dictionary based on the given ``items``.</doc>
<status status="PASS" start="2024-05-03T09:58:31.858386" elapsed="0.001004"/>
</kw>
<kw name="Log" owner="BuiltIn">
<msg time="2024-05-03T09:58:31.860390" level="INFO">{'nome': 'Fulano da Silva', 'email': 'ryyttesr@qacoders.com.br', 'password': 'teste', 'administrador': 'true'}</msg>
<arg>${body}</arg>
<doc>Logs the given message with the given level.</doc>
<status status="PASS" start="2024-05-03T09:58:31.859390" elapsed="0.001000"/>
</kw>
<kw name="Criar sessão" owner="serverest_testes_recursos">
<kw name="Create Dictionary" owner="BuiltIn">
<msg time="2024-05-03T09:58:31.864386" level="INFO">${headers} = {'accept': 'application/json', 'Content-Type': 'application/json'}</msg>
<var>${headers}</var>
<arg>accept=application/json</arg>
<arg>Content-Type=application/json</arg>
<doc>Creates and returns a dictionary based on the given ``items``.</doc>
<status status="PASS" start="2024-05-03T09:58:31.863384" elapsed="0.001002"/>
</kw>
<kw name="Create Session" owner="RequestsLibrary">
<msg time="2024-05-03T09:58:31.867385" level="INFO">Creating Session using : alias=APIServerRest, url=https://serverest.dev, headers={'accept': 'application/json', 'Content-Type': 'application/json'},                     cookies={}, auth=None, timeout=None, proxies=None, verify=False,                     debug=0 </msg>
<arg>alias=APIServerRest</arg>
<arg>url=https://serverest.dev</arg>
<arg>headers=${headers}</arg>
<doc>Create Session: create a HTTP session to a server</doc>
<status status="PASS" start="2024-05-03T09:58:31.864386" elapsed="0.003995"/>
</kw>
<status status="PASS" start="2024-05-03T09:58:31.861387" elapsed="0.006994"/>
</kw>
<kw name="POST On Session" owner="RequestsLibrary">
<msg time="2024-05-03T09:58:32.231286" level="INFO">POST Request : url=https://serverest.dev/usuarios 
 path_url=/usuarios 
 headers={'User-Agent': 'python-requests/2.31.0', 'Accept-Encoding': 'gzip, deflate', 'accept': 'application/json', 'Connection': 'keep-alive', 'Content-Type': 'application/json', 'Content-Length': '110'} 
 body=b'{"nome": "Fulano da Silva", "email": "ryyttesr@qacoders.com.br", "password": "teste", "administrador": "true"}' 
 </msg>
<msg time="2024-05-03T09:58:32.231286" level="INFO">POST Response : url=https://serverest.dev/usuarios 
 status=201, reason=Created 
 headers={'access-control-allow-origin': '*', 'x-dns-prefetch-control': 'off', 'x-frame-options': 'SAMEORIGIN', 'strict-transport-security': 'max-age=15552000; includeSubDomains', 'x-download-options': 'noopen', 'x-content-type-options': 'nosniff', 'x-xss-protection': '1; mode=block', 'content-type': 'application/json; charset=utf-8', 'X-Cloud-Trace-Context': '91ea72af4bfea44bfb76ba08670939e2', 'Date': 'Fri, 03 May 2024 12:58:32 GMT', 'Server': 'Google Frontend', 'Content-Length': '82'} 
 body={
    "message": "Cadastro realizado com sucesso",
    "_id": "LIuNMYZpiMfgThSx"
} 
 </msg>
<msg time="2024-05-03T09:58:32.231286" level="INFO">C:\Users\WIN10\AppData\Local\Programs\Python\Python312\Lib\site-packages\urllib3\connectionpool.py:1103: InsecureRequestWarning: Unverified HTTPS request is being made to host 'serverest.dev'. Adding certificate verification is strongly advised. See: https://urllib3.readthedocs.io/en/latest/advanced-usage.html#tls-warnings
  warnings.warn(</msg>
<msg time="2024-05-03T09:58:32.233283" level="INFO">${resposta} = &lt;Response [201]&gt;</msg>
<var>${resposta}</var>
<arg>alias=APIServerRest</arg>
<arg>url=/usuarios</arg>
<arg>json=${body}</arg>
<doc>Sends a POST request on a previously created HTTP Session.</doc>
<status status="PASS" start="2024-05-03T09:58:31.868381" elapsed="0.364902"/>
</kw>
<kw name="Log" owner="BuiltIn">
<msg time="2024-05-03T09:58:32.234286" level="INFO">{'message': 'Cadastro realizado com sucesso', '_id': 'LIuNMYZpiMfgThSx'}</msg>
<arg>${resposta.json()}</arg>
<doc>Logs the given message with the given level.</doc>
<status status="PASS" start="2024-05-03T09:58:32.233283" elapsed="0.001003"/>
</kw>
<kw name="Set Test Variable" owner="BuiltIn">
<msg time="2024-05-03T09:58:32.235284" level="INFO">${ID_USUARIO} = LIuNMYZpiMfgThSx</msg>
<arg>${ID_USUARIO}</arg>
<arg>${resposta.json()["_id"]}</arg>
<doc>Makes a variable available everywhere within the scope of the current test.</doc>
<status status="PASS" start="2024-05-03T09:58:32.234286" elapsed="0.000998"/>
</kw>
<kw name="Set Test Variable" owner="BuiltIn">
<msg time="2024-05-03T09:58:32.236283" level="INFO">${RESPOSTA} = {'message': 'Cadastro realizado com sucesso', '_id': 'LIuNMYZpiMfgThSx'}</msg>
<arg>${RESPOSTA}</arg>
<arg>${resposta.json()}</arg>
<doc>Makes a variable available everywhere within the scope of the current test.</doc>
<status status="PASS" start="2024-05-03T09:58:32.235284" elapsed="0.000999"/>
</kw>
<status status="PASS" start="2024-05-03T09:58:31.856389" elapsed="0.379894"/>
</kw>
<kw name="Consultar os dados do usuário" owner="serverest_testes_recursos">
<kw name="GET On Session" owner="RequestsLibrary">
<msg time="2024-05-03T09:58:32.389191" level="INFO">GET Request : url=https://serverest.dev/usuarios/LIuNMYZpiMfgThSx 
 path_url=/usuarios/LIuNMYZpiMfgThSx 
 headers={'User-Agent': 'python-requests/2.31.0', 'Accept-Encoding': 'gzip, deflate', 'accept': 'application/json', 'Connection': 'keep-alive', 'Content-Type': 'application/json'} 
 body=None 
 </msg>
<msg time="2024-05-03T09:58:32.389191" level="INFO">GET Response : url=https://serverest.dev/usuarios/LIuNMYZpiMfgThSx 
 status=200, reason=OK 
 headers={'access-control-allow-origin': '*', 'x-dns-prefetch-control': 'off', 'x-frame-options': 'SAMEORIGIN', 'strict-transport-security': 'max-age=15552000; includeSubDomains', 'x-download-options': 'noopen', 'x-content-type-options': 'nosniff', 'x-xss-protection': '1; mode=block', 'content-type': 'application/json; charset=utf-8', 'X-Cloud-Trace-Context': 'd2f468e0ed982221efb7460280e9dc0e', 'Date': 'Fri, 03 May 2024 12:58:32 GMT', 'Server': 'Google Frontend', 'Content-Length': '159'} 
 body={
    "nome": "Fulano da Silva",
    "email": "ryyttesr@qacoders.com.br",
    "password": "teste",
    "administrador": "true",
    "_id": "LIuNMYZpiMfgThSx"
} 
 </msg>
<msg time="2024-05-03T09:58:32.390188" level="INFO">C:\Users\WIN10\AppData\Local\Programs\Python\Python312\Lib\site-packages\urllib3\connectionpool.py:1103: InsecureRequestWarning: Unverified HTTPS request is being made to host 'serverest.dev'. Adding certificate verification is strongly advised. See: https://urllib3.readthedocs.io/en/latest/advanced-usage.html#tls-warnings
  warnings.warn(</msg>
<msg time="2024-05-03T09:58:32.391187" level="INFO">${resposta_consulta} = &lt;Response [200]&gt;</msg>
<var>${resposta_consulta}</var>
<arg>alias=APIServerRest</arg>
<arg>url=/usuarios/${ID_USUARIO}</arg>
<arg>expected_status=200</arg>
<doc>Sends a GET request on a previously created HTTP Session.</doc>
<status status="PASS" start="2024-05-03T09:58:32.237282" elapsed="0.153905"/>
</kw>
<kw name="Set Test Variable" owner="BuiltIn">
<msg time="2024-05-03T09:58:32.392187" level="INFO">${RESPOSTA_CONSULTA} = {'nome': 'Fulano da Silva', 'email': 'ryyttesr@qacoders.com.br', 'password': 'teste', 'administrador': 'true', '_id': 'LIuNMYZpiMfgThSx'}</msg>
<arg>${RESPOSTA_CONSULTA}</arg>
<arg>${resposta_consulta.json()}</arg>
<doc>Makes a variable available everywhere within the scope of the current test.</doc>
<status status="PASS" start="2024-05-03T09:58:32.391187" elapsed="0.001000"/>
</kw>
<status status="PASS" start="2024-05-03T09:58:32.237282" elapsed="0.154905"/>
</kw>
<kw name="Conferir os dados retornados do novo usuário" owner="serverest_testes_recursos">
<kw name="Log" owner="BuiltIn">
<msg time="2024-05-03T09:58:32.394185" level="INFO">{'nome': 'Fulano da Silva', 'email': 'ryyttesr@qacoders.com.br', 'password': 'teste', 'administrador': 'true', '_id': 'LIuNMYZpiMfgThSx'}</msg>
<arg>${RESPOSTA_CONSULTA}</arg>
<doc>Logs the given message with the given level.</doc>
<status status="PASS" start="2024-05-03T09:58:32.393185" elapsed="0.001000"/>
</kw>
<kw name="Dictionary Should Contain Item" owner="Collections">
<msg time="2024-05-03T09:58:32.395187" level="INFO">False
False</msg>
<arg>${RESPOSTA_CONSULTA}</arg>
<arg>nome</arg>
<arg>Fulano da Silva</arg>
<doc>An item of ``key`` / ``value`` must be found in a ``dictionary``.</doc>
<status status="PASS" start="2024-05-03T09:58:32.394185" elapsed="0.001002"/>
</kw>
<kw name="Dictionary Should Contain Item" owner="Collections">
<msg time="2024-05-03T09:58:32.395187" level="INFO">False
False</msg>
<arg>${RESPOSTA_CONSULTA}</arg>
<arg>email</arg>
<arg>${EMAIL_TEST}</arg>
<doc>An item of ``key`` / ``value`` must be found in a ``dictionary``.</doc>
<status status="PASS" start="2024-05-03T09:58:32.395187" elapsed="0.000000"/>
</kw>
<kw name="Dictionary Should Contain Item" owner="Collections">
<msg time="2024-05-03T09:58:32.396186" level="INFO">False
False</msg>
<arg>${RESPOSTA_CONSULTA}</arg>
<arg>password</arg>
<arg>teste</arg>
<doc>An item of ``key`` / ``value`` must be found in a ``dictionary``.</doc>
<status status="PASS" start="2024-05-03T09:58:32.395187" elapsed="0.000999"/>
</kw>
<kw name="Dictionary Should Contain Item" owner="Collections">
<msg time="2024-05-03T09:58:32.396186" level="INFO">False
False</msg>
<arg>${RESPOSTA_CONSULTA}</arg>
<arg>administrador</arg>
<arg>true</arg>
<doc>An item of ``key`` / ``value`` must be found in a ``dictionary``.</doc>
<status status="PASS" start="2024-05-03T09:58:32.396186" elapsed="0.000000"/>
</kw>
<kw name="Dictionary Should Contain Item" owner="Collections">
<msg time="2024-05-03T09:58:32.396186" level="INFO">False
False</msg>
<arg>${RESPOSTA_CONSULTA}</arg>
<arg>_id</arg>
<arg>${ID_USUARIO}</arg>
<doc>An item of ``key`` / ``value`` must be found in a ``dictionary``.</doc>
<status status="PASS" start="2024-05-03T09:58:32.396186" elapsed="0.000998"/>
</kw>
<status status="PASS" start="2024-05-03T09:58:32.393185" elapsed="0.003999"/>
</kw>
<status status="PASS" start="2024-05-03T09:58:31.847394" elapsed="0.549790"/>
</test>
<status status="PASS" start="2024-05-03T09:58:31.837400" elapsed="0.561781"/>
</suite>
<suite id="s1-s3" name="Post Serverest Test" source="C:\Users\WIN10\Desktop\robot\Academy-Qacoders\Api_serverest_robot\tests\post_serverest_test.robot">
<test id="s1-s3-t1" name="Cenário com POST: Cadastrar um novo usuário com sucesso" line="7">
<kw name="Criar um novo usuário" owner="serverest_testes_recursos">
<kw name="Generate Random String" owner="String">
<msg time="2024-05-03T09:58:32.414173" level="INFO">${palavra_randomica} = ROofdhRm</msg>
<var>${palavra_randomica}</var>
<arg>length=8</arg>
<arg>chars=[LETTERS]</arg>
<doc>Generates a string with a desired ``length`` from the given ``chars``.</doc>
<status status="PASS" start="2024-05-03T09:58:32.412175" elapsed="0.001998"/>
</kw>
<kw name="Convert To Lower Case" owner="String">
<msg time="2024-05-03T09:58:32.415173" level="INFO">${palavra_randomica} = roofdhrm</msg>
<var>${palavra_randomica}</var>
<arg>${palavra randomica}</arg>
<doc>Converts string to lower case.</doc>
<status status="PASS" start="2024-05-03T09:58:32.414173" elapsed="0.001000"/>
</kw>
<kw name="Set Test Variable" owner="BuiltIn">
<msg time="2024-05-03T09:58:32.418170" level="INFO">${EMAIL_TEST} = roofdhrm@qacoders.com.br</msg>
<arg>${EMAIL_TEST}</arg>
<arg>${palavra randomica}@qacoders.com.br</arg>
<doc>Makes a variable available everywhere within the scope of the current test.</doc>
<status status="PASS" start="2024-05-03T09:58:32.415173" elapsed="0.002997"/>
</kw>
<kw name="Log" owner="BuiltIn">
<msg time="2024-05-03T09:58:32.419170" level="INFO">roofdhrm@qacoders.com.br</msg>
<arg>${EMAIL_TEST}</arg>
<doc>Logs the given message with the given level.</doc>
<status status="PASS" start="2024-05-03T09:58:32.418170" elapsed="0.001000"/>
</kw>
<status status="PASS" start="2024-05-03T09:58:32.412175" elapsed="0.006995"/>
</kw>
<kw name="Cadastrar o novo usuário criado" owner="serverest_testes_recursos">
<kw name="Create Dictionary" owner="BuiltIn">
<msg time="2024-05-03T09:58:32.420169" level="INFO">${body} = {'nome': 'Fulano da Silva', 'email': 'roofdhrm@qacoders.com.br', 'password': 'teste', 'administrador': 'true'}</msg>
<var>${body}</var>
<arg>nome=Fulano da Silva</arg>
<arg>email=${EMAIL_TEST}</arg>
<arg>password=teste</arg>
<arg>administrador=true</arg>
<doc>Creates and returns a dictionary based on the given ``items``.</doc>
<status status="PASS" start="2024-05-03T09:58:32.420169" elapsed="0.000000"/>
</kw>
<kw name="Log" owner="BuiltIn">
<msg time="2024-05-03T09:58:32.421168" level="INFO">{'nome': 'Fulano da Silva', 'email': 'roofdhrm@qacoders.com.br', 'password': 'teste', 'administrador': 'true'}</msg>
<arg>${body}</arg>
<doc>Logs the given message with the given level.</doc>
<status status="PASS" start="2024-05-03T09:58:32.421168" elapsed="0.000000"/>
</kw>
<kw name="Criar sessão" owner="serverest_testes_recursos">
<kw name="Create Dictionary" owner="BuiltIn">
<msg time="2024-05-03T09:58:32.422170" level="INFO">${headers} = {'accept': 'application/json', 'Content-Type': 'application/json'}</msg>
<var>${headers}</var>
<arg>accept=application/json</arg>
<arg>Content-Type=application/json</arg>
<doc>Creates and returns a dictionary based on the given ``items``.</doc>
<status status="PASS" start="2024-05-03T09:58:32.422170" elapsed="0.000000"/>
</kw>
<kw name="Create Session" owner="RequestsLibrary">
<msg time="2024-05-03T09:58:32.423169" level="INFO">Creating Session using : alias=APIServerRest, url=https://serverest.dev, headers={'accept': 'application/json', 'Content-Type': 'application/json'},                     cookies={}, auth=None, timeout=None, proxies=None, verify=False,                     debug=0 </msg>
<arg>alias=APIServerRest</arg>
<arg>url=https://serverest.dev</arg>
<arg>headers=${headers}</arg>
<doc>Create Session: create a HTTP session to a server</doc>
<status status="PASS" start="2024-05-03T09:58:32.423169" elapsed="0.000999"/>
</kw>
<status status="PASS" start="2024-05-03T09:58:32.421168" elapsed="0.003000"/>
</kw>
<kw name="POST On Session" owner="RequestsLibrary">
<msg time="2024-05-03T09:58:32.814929" level="INFO">POST Request : url=https://serverest.dev/usuarios 
 path_url=/usuarios 
 headers={'User-Agent': 'python-requests/2.31.0', 'Accept-Encoding': 'gzip, deflate', 'accept': 'application/json', 'Connection': 'keep-alive', 'Content-Type': 'application/json', 'Content-Length': '110'} 
 body=b'{"nome": "Fulano da Silva", "email": "roofdhrm@qacoders.com.br", "password": "teste", "administrador": "true"}' 
 </msg>
<msg time="2024-05-03T09:58:32.814929" level="INFO">POST Response : url=https://serverest.dev/usuarios 
 status=201, reason=Created 
 headers={'access-control-allow-origin': '*', 'x-dns-prefetch-control': 'off', 'x-frame-options': 'SAMEORIGIN', 'strict-transport-security': 'max-age=15552000; includeSubDomains', 'x-download-options': 'noopen', 'x-content-type-options': 'nosniff', 'x-xss-protection': '1; mode=block', 'content-type': 'application/json; charset=utf-8', 'X-Cloud-Trace-Context': 'c066842785605d91b3e7103040d5c419', 'Date': 'Fri, 03 May 2024 12:58:32 GMT', 'Server': 'Google Frontend', 'Content-Length': '82'} 
 body={
    "message": "Cadastro realizado com sucesso",
    "_id": "wxiSCiBQAQ21hlcU"
} 
 </msg>
<msg time="2024-05-03T09:58:32.815923" level="INFO">C:\Users\WIN10\AppData\Local\Programs\Python\Python312\Lib\site-packages\urllib3\connectionpool.py:1103: InsecureRequestWarning: Unverified HTTPS request is being made to host 'serverest.dev'. Adding certificate verification is strongly advised. See: https://urllib3.readthedocs.io/en/latest/advanced-usage.html#tls-warnings
  warnings.warn(</msg>
<msg time="2024-05-03T09:58:32.816922" level="INFO">${resposta} = &lt;Response [201]&gt;</msg>
<var>${resposta}</var>
<arg>alias=APIServerRest</arg>
<arg>url=/usuarios</arg>
<arg>json=${body}</arg>
<doc>Sends a POST request on a previously created HTTP Session.</doc>
<status status="PASS" start="2024-05-03T09:58:32.424168" elapsed="0.392754"/>
</kw>
<kw name="Log" owner="BuiltIn">
<msg time="2024-05-03T09:58:32.817925" level="INFO">{'message': 'Cadastro realizado com sucesso', '_id': 'wxiSCiBQAQ21hlcU'}</msg>
<arg>${resposta.json()}</arg>
<doc>Logs the given message with the given level.</doc>
<status status="PASS" start="2024-05-03T09:58:32.816922" elapsed="0.001003"/>
</kw>
<kw name="Set Test Variable" owner="BuiltIn">
<msg time="2024-05-03T09:58:32.819922" level="INFO">${ID_USUARIO} = wxiSCiBQAQ21hlcU</msg>
<arg>${ID_USUARIO}</arg>
<arg>${resposta.json()["_id"]}</arg>
<doc>Makes a variable available everywhere within the scope of the current test.</doc>
<status status="PASS" start="2024-05-03T09:58:32.817925" elapsed="0.001997"/>
</kw>
<kw name="Set Test Variable" owner="BuiltIn">
<msg time="2024-05-03T09:58:32.820921" level="INFO">${RESPOSTA} = {'message': 'Cadastro realizado com sucesso', '_id': 'wxiSCiBQAQ21hlcU'}</msg>
<arg>${RESPOSTA}</arg>
<arg>${resposta.json()}</arg>
<doc>Makes a variable available everywhere within the scope of the current test.</doc>
<status status="PASS" start="2024-05-03T09:58:32.819922" elapsed="0.000999"/>
</kw>
<status status="PASS" start="2024-05-03T09:58:32.420169" elapsed="0.400752"/>
</kw>
<kw name="Conferir se este novo usuário foi cadastrado corretamente" owner="serverest_testes_recursos">
<kw name="Log" owner="BuiltIn">
<msg time="2024-05-03T09:58:32.821921" level="INFO">{'message': 'Cadastro realizado com sucesso', '_id': 'wxiSCiBQAQ21hlcU'}</msg>
<arg>${RESPOSTA}</arg>
<doc>Logs the given message with the given level.</doc>
<status status="PASS" start="2024-05-03T09:58:32.821921" elapsed="0.000000"/>
</kw>
<kw name="Dictionary Should Contain Item" owner="Collections">
<msg time="2024-05-03T09:58:32.821921" level="INFO">False
False</msg>
<arg>${RESPOSTA}</arg>
<arg>message</arg>
<arg>Cadastro realizado com sucesso</arg>
<doc>An item of ``key`` / ``value`` must be found in a ``dictionary``.</doc>
<status status="PASS" start="2024-05-03T09:58:32.821921" elapsed="0.000000"/>
</kw>
<kw name="Dictionary Should Contain Key" owner="Collections">
<msg time="2024-05-03T09:58:32.822919" level="INFO">False</msg>
<arg>${RESPOSTA}</arg>
<arg>_id</arg>
<doc>Fails if ``key`` is not found from ``dictionary``.</doc>
<status status="PASS" start="2024-05-03T09:58:32.822919" elapsed="0.000000"/>
</kw>
<status status="PASS" start="2024-05-03T09:58:32.820921" elapsed="0.001998"/>
</kw>
<status status="PASS" start="2024-05-03T09:58:32.410176" elapsed="0.412743"/>
</test>
<status status="PASS" start="2024-05-03T09:58:32.402181" elapsed="0.422736"/>
</suite>
<suite id="s1-s4" name="Put Serverest Test" source="C:\Users\WIN10\Desktop\robot\Academy-Qacoders\Api_serverest_robot\tests\put_serverest_test.robot">
<test id="s1-s4-t1" name="Cenário com PUT: Atualizar os dados de um usuário" line="7">
<kw name="Criar um novo usuário" owner="serverest_testes_recursos">
<kw name="Generate Random String" owner="String">
<msg time="2024-05-03T09:58:32.842907" level="INFO">${palavra_randomica} = goXnUXeA</msg>
<var>${palavra_randomica}</var>
<arg>length=8</arg>
<arg>chars=[LETTERS]</arg>
<doc>Generates a string with a desired ``length`` from the given ``chars``.</doc>
<status status="PASS" start="2024-05-03T09:58:32.841910" elapsed="0.000997"/>
</kw>
<kw name="Convert To Lower Case" owner="String">
<msg time="2024-05-03T09:58:32.842907" level="INFO">${palavra_randomica} = goxnuxea</msg>
<var>${palavra_randomica}</var>
<arg>${palavra randomica}</arg>
<doc>Converts string to lower case.</doc>
<status status="PASS" start="2024-05-03T09:58:32.842907" elapsed="0.000000"/>
</kw>
<kw name="Set Test Variable" owner="BuiltIn">
<msg time="2024-05-03T09:58:32.844909" level="INFO">${EMAIL_TEST} = goxnuxea@qacoders.com.br</msg>
<arg>${EMAIL_TEST}</arg>
<arg>${palavra randomica}@qacoders.com.br</arg>
<doc>Makes a variable available everywhere within the scope of the current test.</doc>
<status status="PASS" start="2024-05-03T09:58:32.842907" elapsed="0.002002"/>
</kw>
<kw name="Log" owner="BuiltIn">
<msg time="2024-05-03T09:58:32.844909" level="INFO">goxnuxea@qacoders.com.br</msg>
<arg>${EMAIL_TEST}</arg>
<doc>Logs the given message with the given level.</doc>
<status status="PASS" start="2024-05-03T09:58:32.844909" elapsed="0.000000"/>
</kw>
<status status="PASS" start="2024-05-03T09:58:32.840913" elapsed="0.003996"/>
</kw>
<kw name="Cadastrar o novo usuário criado" owner="serverest_testes_recursos">
<kw name="Create Dictionary" owner="BuiltIn">
<msg time="2024-05-03T09:58:32.846904" level="INFO">${body} = {'nome': 'Fulano da Silva', 'email': 'goxnuxea@qacoders.com.br', 'password': 'teste', 'administrador': 'true'}</msg>
<var>${body}</var>
<arg>nome=Fulano da Silva</arg>
<arg>email=${EMAIL_TEST}</arg>
<arg>password=teste</arg>
<arg>administrador=true</arg>
<doc>Creates and returns a dictionary based on the given ``items``.</doc>
<status status="PASS" start="2024-05-03T09:58:32.845905" elapsed="0.000999"/>
</kw>
<kw name="Log" owner="BuiltIn">
<msg time="2024-05-03T09:58:32.846904" level="INFO">{'nome': 'Fulano da Silva', 'email': 'goxnuxea@qacoders.com.br', 'password': 'teste', 'administrador': 'true'}</msg>
<arg>${body}</arg>
<doc>Logs the given message with the given level.</doc>
<status status="PASS" start="2024-05-03T09:58:32.846904" elapsed="0.000000"/>
</kw>
<kw name="Criar sessão" owner="serverest_testes_recursos">
<kw name="Create Dictionary" owner="BuiltIn">
<msg time="2024-05-03T09:58:32.848903" level="INFO">${headers} = {'accept': 'application/json', 'Content-Type': 'application/json'}</msg>
<var>${headers}</var>
<arg>accept=application/json</arg>
<arg>Content-Type=application/json</arg>
<doc>Creates and returns a dictionary based on the given ``items``.</doc>
<status status="PASS" start="2024-05-03T09:58:32.847905" elapsed="0.000998"/>
</kw>
<kw name="Create Session" owner="RequestsLibrary">
<msg time="2024-05-03T09:58:32.849903" level="INFO">Creating Session using : alias=APIServerRest, url=https://serverest.dev, headers={'accept': 'application/json', 'Content-Type': 'application/json'},                     cookies={}, auth=None, timeout=None, proxies=None, verify=False,                     debug=0 </msg>
<arg>alias=APIServerRest</arg>
<arg>url=https://serverest.dev</arg>
<arg>headers=${headers}</arg>
<doc>Create Session: create a HTTP session to a server</doc>
<status status="PASS" start="2024-05-03T09:58:32.848903" elapsed="0.001000"/>
</kw>
<status status="PASS" start="2024-05-03T09:58:32.846904" elapsed="0.002999"/>
</kw>
<kw name="POST On Session" owner="RequestsLibrary">
<msg time="2024-05-03T09:58:33.208680" level="INFO">POST Request : url=https://serverest.dev/usuarios 
 path_url=/usuarios 
 headers={'User-Agent': 'python-requests/2.31.0', 'Accept-Encoding': 'gzip, deflate', 'accept': 'application/json', 'Connection': 'keep-alive', 'Content-Type': 'application/json', 'Content-Length': '110'} 
 body=b'{"nome": "Fulano da Silva", "email": "goxnuxea@qacoders.com.br", "password": "teste", "administrador": "true"}' 
 </msg>
<msg time="2024-05-03T09:58:33.208680" level="INFO">POST Response : url=https://serverest.dev/usuarios 
 status=201, reason=Created 
 headers={'access-control-allow-origin': '*', 'x-dns-prefetch-control': 'off', 'x-frame-options': 'SAMEORIGIN', 'strict-transport-security': 'max-age=15552000; includeSubDomains', 'x-download-options': 'noopen', 'x-content-type-options': 'nosniff', 'x-xss-protection': '1; mode=block', 'content-type': 'application/json; charset=utf-8', 'X-Cloud-Trace-Context': '60a0befe634d4f04797e2fa86fb59f7d', 'Date': 'Fri, 03 May 2024 12:58:33 GMT', 'Server': 'Google Frontend', 'Content-Length': '82'} 
 body={
    "message": "Cadastro realizado com sucesso",
    "_id": "ZzL4GK12xriHK0CH"
} 
 </msg>
<msg time="2024-05-03T09:58:33.208680" level="INFO">C:\Users\WIN10\AppData\Local\Programs\Python\Python312\Lib\site-packages\urllib3\connectionpool.py:1103: InsecureRequestWarning: Unverified HTTPS request is being made to host 'serverest.dev'. Adding certificate verification is strongly advised. See: https://urllib3.readthedocs.io/en/latest/advanced-usage.html#tls-warnings
  warnings.warn(</msg>
<msg time="2024-05-03T09:58:33.210679" level="INFO">${resposta} = &lt;Response [201]&gt;</msg>
<var>${resposta}</var>
<arg>alias=APIServerRest</arg>
<arg>url=/usuarios</arg>
<arg>json=${body}</arg>
<doc>Sends a POST request on a previously created HTTP Session.</doc>
<status status="PASS" start="2024-05-03T09:58:32.850902" elapsed="0.359777"/>
</kw>
<kw name="Log" owner="BuiltIn">
<msg time="2024-05-03T09:58:33.211681" level="INFO">{'message': 'Cadastro realizado com sucesso', '_id': 'ZzL4GK12xriHK0CH'}</msg>
<arg>${resposta.json()}</arg>
<doc>Logs the given message with the given level.</doc>
<status status="PASS" start="2024-05-03T09:58:33.210679" elapsed="0.001002"/>
</kw>
<kw name="Set Test Variable" owner="BuiltIn">
<msg time="2024-05-03T09:58:33.213678" level="INFO">${ID_USUARIO} = ZzL4GK12xriHK0CH</msg>
<arg>${ID_USUARIO}</arg>
<arg>${resposta.json()["_id"]}</arg>
<doc>Makes a variable available everywhere within the scope of the current test.</doc>
<status status="PASS" start="2024-05-03T09:58:33.211681" elapsed="0.001997"/>
</kw>
<kw name="Set Test Variable" owner="BuiltIn">
<msg time="2024-05-03T09:58:33.213678" level="INFO">${RESPOSTA} = {'message': 'Cadastro realizado com sucesso', '_id': 'ZzL4GK12xriHK0CH'}</msg>
<arg>${RESPOSTA}</arg>
<arg>${resposta.json()}</arg>
<doc>Makes a variable available everywhere within the scope of the current test.</doc>
<status status="PASS" start="2024-05-03T09:58:33.213678" elapsed="0.001000"/>
</kw>
<status status="PASS" start="2024-05-03T09:58:32.845905" elapsed="0.368773"/>
</kw>
<kw name="Consultar os dados do usuário" owner="serverest_testes_recursos">
<kw name="GET On Session" owner="RequestsLibrary">
<msg time="2024-05-03T09:58:33.377056" level="INFO">GET Request : url=https://serverest.dev/usuarios/ZzL4GK12xriHK0CH 
 path_url=/usuarios/ZzL4GK12xriHK0CH 
 headers={'User-Agent': 'python-requests/2.31.0', 'Accept-Encoding': 'gzip, deflate', 'accept': 'application/json', 'Connection': 'keep-alive', 'Content-Type': 'application/json'} 
 body=None 
 </msg>
<msg time="2024-05-03T09:58:33.377056" level="INFO">GET Response : url=https://serverest.dev/usuarios/ZzL4GK12xriHK0CH 
 status=200, reason=OK 
 headers={'access-control-allow-origin': '*', 'x-dns-prefetch-control': 'off', 'x-frame-options': 'SAMEORIGIN', 'strict-transport-security': 'max-age=15552000; includeSubDomains', 'x-download-options': 'noopen', 'x-content-type-options': 'nosniff', 'x-xss-protection': '1; mode=block', 'content-type': 'application/json; charset=utf-8', 'X-Cloud-Trace-Context': '2080c24ca0889814bdfb27d6cc9217a0', 'Date': 'Fri, 03 May 2024 12:58:33 GMT', 'Server': 'Google Frontend', 'Content-Length': '159'} 
 body={
    "nome": "Fulano da Silva",
    "email": "goxnuxea@qacoders.com.br",
    "password": "teste",
    "administrador": "true",
    "_id": "ZzL4GK12xriHK0CH"
} 
 </msg>
<msg time="2024-05-03T09:58:33.377056" level="INFO">C:\Users\WIN10\AppData\Local\Programs\Python\Python312\Lib\site-packages\urllib3\connectionpool.py:1103: InsecureRequestWarning: Unverified HTTPS request is being made to host 'serverest.dev'. Adding certificate verification is strongly advised. See: https://urllib3.readthedocs.io/en/latest/advanced-usage.html#tls-warnings
  warnings.warn(</msg>
<msg time="2024-05-03T09:58:33.378057" level="INFO">${resposta_consulta} = &lt;Response [200]&gt;</msg>
<var>${resposta_consulta}</var>
<arg>alias=APIServerRest</arg>
<arg>url=/usuarios/${ID_USUARIO}</arg>
<arg>expected_status=200</arg>
<doc>Sends a GET request on a previously created HTTP Session.</doc>
<status status="PASS" start="2024-05-03T09:58:33.215678" elapsed="0.162379"/>
</kw>
<kw name="Set Test Variable" owner="BuiltIn">
<msg time="2024-05-03T09:58:33.379053" level="INFO">${RESPOSTA_CONSULTA} = {'nome': 'Fulano da Silva', 'email': 'goxnuxea@qacoders.com.br', 'password': 'teste', 'administrador': 'true', '_id': 'ZzL4GK12xriHK0CH'}</msg>
<arg>${RESPOSTA_CONSULTA}</arg>
<arg>${resposta_consulta.json()}</arg>
<doc>Makes a variable available everywhere within the scope of the current test.</doc>
<status status="PASS" start="2024-05-03T09:58:33.379053" elapsed="0.000999"/>
</kw>
<status status="PASS" start="2024-05-03T09:58:33.214678" elapsed="0.165374"/>
</kw>
<kw name="Alterar perfil de acesso administrador de true para false" owner="serverest_testes_recursos">
<kw name="PUT On Session" owner="RequestsLibrary">
<msg time="2024-05-03T09:58:33.536958" level="INFO">PUT Request : url=https://serverest.dev/usuarios/ZzL4GK12xriHK0CH 
 path_url=/usuarios/ZzL4GK12xriHK0CH 
 headers={'User-Agent': 'python-requests/2.31.0', 'Accept-Encoding': 'gzip, deflate', 'accept': 'application/json', 'Connection': 'keep-alive', 'Content-Type': 'application/json', 'Content-Length': '107'} 
 body={"nome":"Fulano da Silva", "email":"goxnuxea@qacoders.com.br", "password":"teste", "administrador":"false"} 
 </msg>
<msg time="2024-05-03T09:58:33.536958" level="INFO">PUT Response : url=https://serverest.dev/usuarios/ZzL4GK12xriHK0CH 
 status=200, reason=OK 
 headers={'access-control-allow-origin': '*', 'x-dns-prefetch-control': 'off', 'x-frame-options': 'SAMEORIGIN', 'strict-transport-security': 'max-age=15552000; includeSubDomains', 'x-download-options': 'noopen', 'x-content-type-options': 'nosniff', 'x-xss-protection': '1; mode=block', 'content-type': 'application/json; charset=utf-8', 'X-Cloud-Trace-Context': '3210ec2a9aba268e0b9099a68484cb04', 'Date': 'Fri, 03 May 2024 12:58:33 GMT', 'Server': 'Google Frontend', 'Content-Length': '50'} 
 body={
    "message": "Registro alterado com sucesso"
} 
 </msg>
<msg time="2024-05-03T09:58:33.537954" level="INFO">C:\Users\WIN10\AppData\Local\Programs\Python\Python312\Lib\site-packages\urllib3\connectionpool.py:1103: InsecureRequestWarning: Unverified HTTPS request is being made to host 'serverest.dev'. Adding certificate verification is strongly advised. See: https://urllib3.readthedocs.io/en/latest/advanced-usage.html#tls-warnings
  warnings.warn(</msg>
<msg time="2024-05-03T09:58:33.538955" level="INFO">${alterar_perfil_usuario} = &lt;Response [200]&gt;</msg>
<var>${alterar_perfil_usuario}</var>
<arg>alias=APIServerRest</arg>
<arg>url=/usuarios/${ID_USUARIO}</arg>
<arg>expected_status=200</arg>
<arg>data={"nome":"Fulano da Silva", "email":"${EMAIL_TEST}", "password":"teste", "administrador":"false"}</arg>
<doc>Sends a PUT request on a previously created HTTP Session.</doc>
<status status="PASS" start="2024-05-03T09:58:33.381051" elapsed="0.157904"/>
</kw>
<status status="PASS" start="2024-05-03T09:58:33.380052" elapsed="0.158903"/>
</kw>
<kw name="Consultar os dados do usuário" owner="serverest_testes_recursos">
<kw name="GET On Session" owner="RequestsLibrary">
<msg time="2024-05-03T09:58:33.699858" level="INFO">GET Request : url=https://serverest.dev/usuarios/ZzL4GK12xriHK0CH 
 path_url=/usuarios/ZzL4GK12xriHK0CH 
 headers={'User-Agent': 'python-requests/2.31.0', 'Accept-Encoding': 'gzip, deflate', 'accept': 'application/json', 'Connection': 'keep-alive', 'Content-Type': 'application/json'} 
 body=None 
 </msg>
<msg time="2024-05-03T09:58:33.699858" level="INFO">GET Response : url=https://serverest.dev/usuarios/ZzL4GK12xriHK0CH 
 status=200, reason=OK 
 headers={'access-control-allow-origin': '*', 'x-dns-prefetch-control': 'off', 'x-frame-options': 'SAMEORIGIN', 'strict-transport-security': 'max-age=15552000; includeSubDomains', 'x-download-options': 'noopen', 'x-content-type-options': 'nosniff', 'x-xss-protection': '1; mode=block', 'content-type': 'application/json; charset=utf-8', 'X-Cloud-Trace-Context': '5ce8afa7485463160b19193b28eaf384', 'Date': 'Fri, 03 May 2024 12:58:33 GMT', 'Server': 'Google Frontend', 'Content-Length': '160'} 
 body={
    "nome": "Fulano da Silva",
    "email": "goxnuxea@qacoders.com.br",
    "password": "teste",
    "administrador": "false",
    "_id": "ZzL4GK12xriHK0CH"
} 
 </msg>
<msg time="2024-05-03T09:58:33.699858" level="INFO">C:\Users\WIN10\AppData\Local\Programs\Python\Python312\Lib\site-packages\urllib3\connectionpool.py:1103: InsecureRequestWarning: Unverified HTTPS request is being made to host 'serverest.dev'. Adding certificate verification is strongly advised. See: https://urllib3.readthedocs.io/en/latest/advanced-usage.html#tls-warnings
  warnings.warn(</msg>
<msg time="2024-05-03T09:58:33.700855" level="INFO">${resposta_consulta} = &lt;Response [200]&gt;</msg>
<var>${resposta_consulta}</var>
<arg>alias=APIServerRest</arg>
<arg>url=/usuarios/${ID_USUARIO}</arg>
<arg>expected_status=200</arg>
<doc>Sends a GET request on a previously created HTTP Session.</doc>
<status status="PASS" start="2024-05-03T09:58:33.539954" elapsed="0.160901"/>
</kw>
<kw name="Set Test Variable" owner="BuiltIn">
<msg time="2024-05-03T09:58:33.702854" level="INFO">${RESPOSTA_CONSULTA} = {'nome': 'Fulano da Silva', 'email': 'goxnuxea@qacoders.com.br', 'password': 'teste', 'administrador': 'false', '_id': 'ZzL4GK12xriHK0CH'}</msg>
<arg>${RESPOSTA_CONSULTA}</arg>
<arg>${resposta_consulta.json()}</arg>
<doc>Makes a variable available everywhere within the scope of the current test.</doc>
<status status="PASS" start="2024-05-03T09:58:33.701853" elapsed="0.001001"/>
</kw>
<status status="PASS" start="2024-05-03T09:58:33.539954" elapsed="0.162900"/>
</kw>
<status status="PASS" start="2024-05-03T09:58:32.838911" elapsed="0.863943"/>
</test>
<status status="PASS" start="2024-05-03T09:58:32.827918" elapsed="0.876934"/>
</suite>
<status status="PASS" start="2024-05-03T09:58:30.307247" elapsed="3.399603"/>
</suite>
<statistics>
<total>
<stat pass="4" fail="0" skip="0">All Tests</stat>
</total>
<tag>
</tag>
<suite>
<stat pass="4" fail="0" skip="0" id="s1" name="Tests">Tests</stat>
<stat pass="1" fail="0" skip="0" id="s1-s1" name="Delete Serverest Test">Tests.Delete Serverest Test</stat>
<stat pass="1" fail="0" skip="0" id="s1-s2" name="Get Serverest Test">Tests.Get Serverest Test</stat>
<stat pass="1" fail="0" skip="0" id="s1-s3" name="Post Serverest Test">Tests.Post Serverest Test</stat>
<stat pass="1" fail="0" skip="0" id="s1-s4" name="Put Serverest Test">Tests.Put Serverest Test</stat>
</suite>
</statistics>
<errors>
</errors>
</robot>
